make[1]: Entering directory '/nfs/home/jmcguig1/Rheidae'
/nfs/home/jmcguig1/venv_Emu/bin/pip install -r requirements.txt
Requirement already satisfied: torch in /nfs/home/jmcguig1/venv_Emu/lib/python3.9/site-packages (from -r requirements.txt (line 1)) (2.7.1)
Requirement already satisfied: pyyaml in /nfs/home/jmcguig1/venv_Emu/lib/python3.9/site-packages (from -r requirements.txt (line 2)) (6.0.2)
Requirement already satisfied: h5py in /nfs/home/jmcguig1/venv_Emu/lib/python3.9/site-packages (from -r requirements.txt (line 3)) (3.13.0)
Requirement already satisfied: numpy in /nfs/home/jmcguig1/venv_Emu/lib/python3.9/site-packages (from -r requirements.txt (line 4)) (1.26.4)
Requirement already satisfied: matplotlib in /nfs/home/jmcguig1/venv_Emu/lib/python3.9/site-packages (from -r requirements.txt (line 5)) (3.9.4)
Requirement already satisfied: filelock in /nfs/home/jmcguig1/venv_Emu/lib/python3.9/site-packages (from torch->-r requirements.txt (line 1)) (3.17.0)
Requirement already satisfied: typing-extensions>=4.10.0 in /nfs/home/jmcguig1/venv_Emu/lib/python3.9/site-packages (from torch->-r requirements.txt (line 1)) (4.12.2)
Requirement already satisfied: sympy>=1.13.3 in /nfs/home/jmcguig1/venv_Emu/lib/python3.9/site-packages (from torch->-r requirements.txt (line 1)) (1.14.0)
Requirement already satisfied: networkx in /nfs/home/jmcguig1/venv_Emu/lib/python3.9/site-packages (from torch->-r requirements.txt (line 1)) (3.2.1)
Requirement already satisfied: jinja2 in /nfs/home/jmcguig1/venv_Emu/lib/python3.9/site-packages (from torch->-r requirements.txt (line 1)) (3.1.5)
Requirement already satisfied: fsspec in /nfs/home/jmcguig1/venv_Emu/lib/python3.9/site-packages (from torch->-r requirements.txt (line 1)) (2025.2.0)
Requirement already satisfied: nvidia-cuda-nvrtc-cu12==12.6.77 in /nfs/home/jmcguig1/venv_Emu/lib/python3.9/site-packages (from torch->-r requirements.txt (line 1)) (12.6.77)
Requirement already satisfied: nvidia-cuda-runtime-cu12==12.6.77 in /nfs/home/jmcguig1/venv_Emu/lib/python3.9/site-packages (from torch->-r requirements.txt (line 1)) (12.6.77)
Requirement already satisfied: nvidia-cuda-cupti-cu12==12.6.80 in /nfs/home/jmcguig1/venv_Emu/lib/python3.9/site-packages (from torch->-r requirements.txt (line 1)) (12.6.80)
Requirement already satisfied: nvidia-cudnn-cu12==9.5.1.17 in /nfs/home/jmcguig1/venv_Emu/lib/python3.9/site-packages (from torch->-r requirements.txt (line 1)) (9.5.1.17)
Requirement already satisfied: nvidia-cublas-cu12==12.6.4.1 in /nfs/home/jmcguig1/venv_Emu/lib/python3.9/site-packages (from torch->-r requirements.txt (line 1)) (12.6.4.1)
Requirement already satisfied: nvidia-cufft-cu12==11.3.0.4 in /nfs/home/jmcguig1/venv_Emu/lib/python3.9/site-packages (from torch->-r requirements.txt (line 1)) (11.3.0.4)
Requirement already satisfied: nvidia-curand-cu12==10.3.7.77 in /nfs/home/jmcguig1/venv_Emu/lib/python3.9/site-packages (from torch->-r requirements.txt (line 1)) (10.3.7.77)
Requirement already satisfied: nvidia-cusolver-cu12==11.7.1.2 in /nfs/home/jmcguig1/venv_Emu/lib/python3.9/site-packages (from torch->-r requirements.txt (line 1)) (11.7.1.2)
Requirement already satisfied: nvidia-cusparse-cu12==12.5.4.2 in /nfs/home/jmcguig1/venv_Emu/lib/python3.9/site-packages (from torch->-r requirements.txt (line 1)) (12.5.4.2)
Requirement already satisfied: nvidia-cusparselt-cu12==0.6.3 in /nfs/home/jmcguig1/venv_Emu/lib/python3.9/site-packages (from torch->-r requirements.txt (line 1)) (0.6.3)
Requirement already satisfied: nvidia-nccl-cu12==2.26.2 in /nfs/home/jmcguig1/venv_Emu/lib/python3.9/site-packages (from torch->-r requirements.txt (line 1)) (2.26.2)
Requirement already satisfied: nvidia-nvtx-cu12==12.6.77 in /nfs/home/jmcguig1/venv_Emu/lib/python3.9/site-packages (from torch->-r requirements.txt (line 1)) (12.6.77)
Requirement already satisfied: nvidia-nvjitlink-cu12==12.6.85 in /nfs/home/jmcguig1/venv_Emu/lib/python3.9/site-packages (from torch->-r requirements.txt (line 1)) (12.6.85)
Requirement already satisfied: nvidia-cufile-cu12==1.11.1.6 in /nfs/home/jmcguig1/venv_Emu/lib/python3.9/site-packages (from torch->-r requirements.txt (line 1)) (1.11.1.6)
Requirement already satisfied: triton==3.3.1 in /nfs/home/jmcguig1/venv_Emu/lib/python3.9/site-packages (from torch->-r requirements.txt (line 1)) (3.3.1)
Requirement already satisfied: setuptools>=40.8.0 in /nfs/home/jmcguig1/venv_Emu/lib/python3.9/site-packages (from triton==3.3.1->torch->-r requirements.txt (line 1)) (80.9.0)
Requirement already satisfied: contourpy>=1.0.1 in /nfs/home/jmcguig1/venv_Emu/lib/python3.9/site-packages (from matplotlib->-r requirements.txt (line 5)) (1.3.0)
Requirement already satisfied: cycler>=0.10 in /nfs/home/jmcguig1/venv_Emu/lib/python3.9/site-packages (from matplotlib->-r requirements.txt (line 5)) (0.12.1)
Requirement already satisfied: fonttools>=4.22.0 in /nfs/home/jmcguig1/venv_Emu/lib/python3.9/site-packages (from matplotlib->-r requirements.txt (line 5)) (4.56.0)
Requirement already satisfied: kiwisolver>=1.3.1 in /nfs/home/jmcguig1/venv_Emu/lib/python3.9/site-packages (from matplotlib->-r requirements.txt (line 5)) (1.4.7)
Requirement already satisfied: packaging>=20.0 in /nfs/home/jmcguig1/venv_Emu/lib/python3.9/site-packages (from matplotlib->-r requirements.txt (line 5)) (24.2)
Requirement already satisfied: pillow>=8 in /nfs/home/jmcguig1/venv_Emu/lib/python3.9/site-packages (from matplotlib->-r requirements.txt (line 5)) (11.1.0)
Requirement already satisfied: pyparsing>=2.3.1 in /nfs/home/jmcguig1/venv_Emu/lib/python3.9/site-packages (from matplotlib->-r requirements.txt (line 5)) (3.2.1)
Requirement already satisfied: python-dateutil>=2.7 in /nfs/home/jmcguig1/venv_Emu/lib/python3.9/site-packages (from matplotlib->-r requirements.txt (line 5)) (2.9.0.post0)
Requirement already satisfied: importlib-resources>=3.2.0 in /nfs/home/jmcguig1/venv_Emu/lib/python3.9/site-packages (from matplotlib->-r requirements.txt (line 5)) (6.5.2)
Requirement already satisfied: zipp>=3.1.0 in /nfs/home/jmcguig1/venv_Emu/lib/python3.9/site-packages (from importlib-resources>=3.2.0->matplotlib->-r requirements.txt (line 5)) (3.21.0)
Requirement already satisfied: six>=1.5 in /nfs/home/jmcguig1/venv_Emu/lib/python3.9/site-packages (from python-dateutil>=2.7->matplotlib->-r requirements.txt (line 5)) (1.17.0)
Requirement already satisfied: mpmath<1.4,>=1.1.0 in /nfs/home/jmcguig1/venv_Emu/lib/python3.9/site-packages (from sympy>=1.13.3->torch->-r requirements.txt (line 1)) (1.3.0)
Requirement already satisfied: MarkupSafe>=2.0 in /nfs/home/jmcguig1/venv_Emu/lib/python3.9/site-packages (from jinja2->torch->-r requirements.txt (line 1)) (3.0.2)
PYTHONPATH=src /nfs/home/jmcguig1/venv_Emu/bin/python scripts/train.py --config config/model.yaml --train-parms config/train_parms.yaml
Run ID: 20251127-065415
Run 20251127-065415 Epoch 1: train_loss=14.2823 val_loss=4.7038
Run 20251127-065415 Epoch 2: train_loss=4.4797 val_loss=6.5765
Run 20251127-065415 Epoch 3: train_loss=2.3623 val_loss=2.1523
Run 20251127-065415 Epoch 4: train_loss=2.9196 val_loss=19.0634
Run 20251127-065415 Epoch 5: train_loss=3.3928 val_loss=3.4238
Run 20251127-065415 Epoch 6: train_loss=2.3655 val_loss=2.2490
Run 20251127-065415 Epoch 7: train_loss=5.8998 val_loss=1.9090
Run 20251127-065415 Epoch 8: train_loss=2.3555 val_loss=2.0595
Run 20251127-065415 Epoch 9: train_loss=3.9028 val_loss=2.3773
Run 20251127-065415 Epoch 10: train_loss=2.9863 val_loss=6.7784
Run 20251127-065415 Epoch 11: train_loss=4.7328 val_loss=1.5717
Run 20251127-065415 Epoch 12: train_loss=2.2419 val_loss=1.8605
Run 20251127-065415 Epoch 13: train_loss=1.5598 val_loss=2.0973
Run 20251127-065415 Epoch 14: train_loss=2.3639 val_loss=1.6089
Run 20251127-065415 Epoch 15: train_loss=2.7462 val_loss=2.4963
Run 20251127-065415 Epoch 16: train_loss=4.8086 val_loss=10.7684
Run 20251127-065415 Epoch 17: train_loss=2.7258 val_loss=1.5768
Run 20251127-065415 Epoch 18: train_loss=1.6591 val_loss=2.0130
Run 20251127-065415 Epoch 19: train_loss=1.8350 val_loss=1.8179
Run 20251127-065415 Epoch 20: train_loss=2.3652 val_loss=1.2892
Run 20251127-065415 Epoch 21: train_loss=2.0657 val_loss=2.5832
Run 20251127-065415 Epoch 22: train_loss=2.3740 val_loss=2.0766
Run 20251127-065415 Epoch 23: train_loss=1.1929 val_loss=2.1534
Run 20251127-065415 Epoch 24: train_loss=1.9059 val_loss=1.5866
Run 20251127-065415 Epoch 25: train_loss=1.4134 val_loss=1.7807
Run 20251127-065415 Epoch 26: train_loss=1.5679 val_loss=1.3063
Run 20251127-065415 Epoch 27: train_loss=1.8986 val_loss=1.5134
Run 20251127-065415 Epoch 28: train_loss=3.7296 val_loss=2.6494
Run 20251127-065415 Epoch 29: train_loss=1.0670 val_loss=1.2986
Run 20251127-065415 Epoch 30: train_loss=0.7841 val_loss=1.1321
Run 20251127-065415 Epoch 31: train_loss=0.9885 val_loss=3.0514
Run 20251127-065415 Epoch 32: train_loss=0.9567 val_loss=1.9505
Run 20251127-065415 Epoch 33: train_loss=1.7499 val_loss=1.3423
Run 20251127-065415 Epoch 34: train_loss=0.9500 val_loss=1.2381
Run 20251127-065415 Epoch 35: train_loss=1.4328 val_loss=1.5913
Run 20251127-065415 Epoch 36: train_loss=1.1709 val_loss=1.1987
Run 20251127-065415 Epoch 37: train_loss=1.0125 val_loss=1.3962
Run 20251127-065415 Epoch 38: train_loss=1.3216 val_loss=1.3722
Run 20251127-065415 Epoch 39: train_loss=0.8664 val_loss=1.5909
Run 20251127-065415 Epoch 40: train_loss=1.7286 val_loss=1.7933
Run 20251127-065415 Epoch 41: train_loss=1.4793 val_loss=1.9568
Run 20251127-065415 Epoch 42: train_loss=2.0812 val_loss=1.1229
Run 20251127-065415 Epoch 43: train_loss=0.8180 val_loss=1.1192
Run 20251127-065415 Epoch 44: train_loss=1.0611 val_loss=2.6121
Run 20251127-065415 Epoch 45: train_loss=1.1882 val_loss=1.2581
Run 20251127-065415 Epoch 46: train_loss=0.8324 val_loss=1.2368
Run 20251127-065415 Epoch 47: train_loss=0.9812 val_loss=1.2119
Run 20251127-065415 Epoch 48: train_loss=0.6851 val_loss=1.0697
Run 20251127-065415 Epoch 49: train_loss=0.8016 val_loss=1.2199
Run 20251127-065415 Epoch 50: train_loss=0.9156 val_loss=1.1178
Run 20251127-065415 Test loss: 1.1085
make[1]: Leaving directory '/nfs/home/jmcguig1/Rheidae'
