make[1]: Entering directory '/nfs/home/jmcguig1/Rheidae'
/nfs/home/jmcguig1/venv_Emu/bin/pip install -r requirements.txt
Requirement already satisfied: torch in /nfs/home/jmcguig1/venv_Emu/lib/python3.9/site-packages (from -r requirements.txt (line 1)) (2.7.1)
Requirement already satisfied: pyyaml in /nfs/home/jmcguig1/venv_Emu/lib/python3.9/site-packages (from -r requirements.txt (line 2)) (6.0.2)
Requirement already satisfied: h5py in /nfs/home/jmcguig1/venv_Emu/lib/python3.9/site-packages (from -r requirements.txt (line 3)) (3.13.0)
Requirement already satisfied: numpy in /nfs/home/jmcguig1/venv_Emu/lib/python3.9/site-packages (from -r requirements.txt (line 4)) (1.26.4)
Requirement already satisfied: matplotlib in /nfs/home/jmcguig1/venv_Emu/lib/python3.9/site-packages (from -r requirements.txt (line 5)) (3.9.4)
Requirement already satisfied: filelock in /nfs/home/jmcguig1/venv_Emu/lib/python3.9/site-packages (from torch->-r requirements.txt (line 1)) (3.17.0)
Requirement already satisfied: typing-extensions>=4.10.0 in /nfs/home/jmcguig1/venv_Emu/lib/python3.9/site-packages (from torch->-r requirements.txt (line 1)) (4.12.2)
Requirement already satisfied: sympy>=1.13.3 in /nfs/home/jmcguig1/venv_Emu/lib/python3.9/site-packages (from torch->-r requirements.txt (line 1)) (1.14.0)
Requirement already satisfied: networkx in /nfs/home/jmcguig1/venv_Emu/lib/python3.9/site-packages (from torch->-r requirements.txt (line 1)) (3.2.1)
Requirement already satisfied: jinja2 in /nfs/home/jmcguig1/venv_Emu/lib/python3.9/site-packages (from torch->-r requirements.txt (line 1)) (3.1.5)
Requirement already satisfied: fsspec in /nfs/home/jmcguig1/venv_Emu/lib/python3.9/site-packages (from torch->-r requirements.txt (line 1)) (2025.2.0)
Requirement already satisfied: nvidia-cuda-nvrtc-cu12==12.6.77 in /nfs/home/jmcguig1/venv_Emu/lib/python3.9/site-packages (from torch->-r requirements.txt (line 1)) (12.6.77)
Requirement already satisfied: nvidia-cuda-runtime-cu12==12.6.77 in /nfs/home/jmcguig1/venv_Emu/lib/python3.9/site-packages (from torch->-r requirements.txt (line 1)) (12.6.77)
Requirement already satisfied: nvidia-cuda-cupti-cu12==12.6.80 in /nfs/home/jmcguig1/venv_Emu/lib/python3.9/site-packages (from torch->-r requirements.txt (line 1)) (12.6.80)
Requirement already satisfied: nvidia-cudnn-cu12==9.5.1.17 in /nfs/home/jmcguig1/venv_Emu/lib/python3.9/site-packages (from torch->-r requirements.txt (line 1)) (9.5.1.17)
Requirement already satisfied: nvidia-cublas-cu12==12.6.4.1 in /nfs/home/jmcguig1/venv_Emu/lib/python3.9/site-packages (from torch->-r requirements.txt (line 1)) (12.6.4.1)
Requirement already satisfied: nvidia-cufft-cu12==11.3.0.4 in /nfs/home/jmcguig1/venv_Emu/lib/python3.9/site-packages (from torch->-r requirements.txt (line 1)) (11.3.0.4)
Requirement already satisfied: nvidia-curand-cu12==10.3.7.77 in /nfs/home/jmcguig1/venv_Emu/lib/python3.9/site-packages (from torch->-r requirements.txt (line 1)) (10.3.7.77)
Requirement already satisfied: nvidia-cusolver-cu12==11.7.1.2 in /nfs/home/jmcguig1/venv_Emu/lib/python3.9/site-packages (from torch->-r requirements.txt (line 1)) (11.7.1.2)
Requirement already satisfied: nvidia-cusparse-cu12==12.5.4.2 in /nfs/home/jmcguig1/venv_Emu/lib/python3.9/site-packages (from torch->-r requirements.txt (line 1)) (12.5.4.2)
Requirement already satisfied: nvidia-cusparselt-cu12==0.6.3 in /nfs/home/jmcguig1/venv_Emu/lib/python3.9/site-packages (from torch->-r requirements.txt (line 1)) (0.6.3)
Requirement already satisfied: nvidia-nccl-cu12==2.26.2 in /nfs/home/jmcguig1/venv_Emu/lib/python3.9/site-packages (from torch->-r requirements.txt (line 1)) (2.26.2)
Requirement already satisfied: nvidia-nvtx-cu12==12.6.77 in /nfs/home/jmcguig1/venv_Emu/lib/python3.9/site-packages (from torch->-r requirements.txt (line 1)) (12.6.77)
Requirement already satisfied: nvidia-nvjitlink-cu12==12.6.85 in /nfs/home/jmcguig1/venv_Emu/lib/python3.9/site-packages (from torch->-r requirements.txt (line 1)) (12.6.85)
Requirement already satisfied: nvidia-cufile-cu12==1.11.1.6 in /nfs/home/jmcguig1/venv_Emu/lib/python3.9/site-packages (from torch->-r requirements.txt (line 1)) (1.11.1.6)
Requirement already satisfied: triton==3.3.1 in /nfs/home/jmcguig1/venv_Emu/lib/python3.9/site-packages (from torch->-r requirements.txt (line 1)) (3.3.1)
Requirement already satisfied: setuptools>=40.8.0 in /nfs/home/jmcguig1/venv_Emu/lib/python3.9/site-packages (from triton==3.3.1->torch->-r requirements.txt (line 1)) (80.9.0)
Requirement already satisfied: contourpy>=1.0.1 in /nfs/home/jmcguig1/venv_Emu/lib/python3.9/site-packages (from matplotlib->-r requirements.txt (line 5)) (1.3.0)
Requirement already satisfied: cycler>=0.10 in /nfs/home/jmcguig1/venv_Emu/lib/python3.9/site-packages (from matplotlib->-r requirements.txt (line 5)) (0.12.1)
Requirement already satisfied: fonttools>=4.22.0 in /nfs/home/jmcguig1/venv_Emu/lib/python3.9/site-packages (from matplotlib->-r requirements.txt (line 5)) (4.56.0)
Requirement already satisfied: kiwisolver>=1.3.1 in /nfs/home/jmcguig1/venv_Emu/lib/python3.9/site-packages (from matplotlib->-r requirements.txt (line 5)) (1.4.7)
Requirement already satisfied: packaging>=20.0 in /nfs/home/jmcguig1/venv_Emu/lib/python3.9/site-packages (from matplotlib->-r requirements.txt (line 5)) (24.2)
Requirement already satisfied: pillow>=8 in /nfs/home/jmcguig1/venv_Emu/lib/python3.9/site-packages (from matplotlib->-r requirements.txt (line 5)) (11.1.0)
Requirement already satisfied: pyparsing>=2.3.1 in /nfs/home/jmcguig1/venv_Emu/lib/python3.9/site-packages (from matplotlib->-r requirements.txt (line 5)) (3.2.1)
Requirement already satisfied: python-dateutil>=2.7 in /nfs/home/jmcguig1/venv_Emu/lib/python3.9/site-packages (from matplotlib->-r requirements.txt (line 5)) (2.9.0.post0)
Requirement already satisfied: importlib-resources>=3.2.0 in /nfs/home/jmcguig1/venv_Emu/lib/python3.9/site-packages (from matplotlib->-r requirements.txt (line 5)) (6.5.2)
Requirement already satisfied: zipp>=3.1.0 in /nfs/home/jmcguig1/venv_Emu/lib/python3.9/site-packages (from importlib-resources>=3.2.0->matplotlib->-r requirements.txt (line 5)) (3.21.0)
Requirement already satisfied: six>=1.5 in /nfs/home/jmcguig1/venv_Emu/lib/python3.9/site-packages (from python-dateutil>=2.7->matplotlib->-r requirements.txt (line 5)) (1.17.0)
Requirement already satisfied: mpmath<1.4,>=1.1.0 in /nfs/home/jmcguig1/venv_Emu/lib/python3.9/site-packages (from sympy>=1.13.3->torch->-r requirements.txt (line 1)) (1.3.0)
Requirement already satisfied: MarkupSafe>=2.0 in /nfs/home/jmcguig1/venv_Emu/lib/python3.9/site-packages (from jinja2->torch->-r requirements.txt (line 1)) (3.0.2)
PYTHONPATH=src /nfs/home/jmcguig1/venv_Emu/bin/python scripts/train.py --config config/model.yaml --train-parms config/train_parms.yaml
Run ID: 20251127-071301
Run 20251127-071301 Epoch 1: train_loss=17.1244 val_loss=4.9980
Run 20251127-071301 Epoch 2: train_loss=3.3777 val_loss=11.2868
Run 20251127-071301 Epoch 3: train_loss=7.5830 val_loss=5.1021
Run 20251127-071301 Epoch 4: train_loss=3.5211 val_loss=4.2784
Run 20251127-071301 Epoch 5: train_loss=5.1694 val_loss=3.8368
Run 20251127-071301 Epoch 6: train_loss=4.3915 val_loss=5.0081
Run 20251127-071301 Epoch 7: train_loss=6.9910 val_loss=4.5864
Run 20251127-071301 Epoch 8: train_loss=3.2175 val_loss=2.9321
Run 20251127-071301 Epoch 9: train_loss=2.9102 val_loss=5.9938
Run 20251127-071301 Epoch 10: train_loss=6.4558 val_loss=4.4776
Run 20251127-071301 Epoch 11: train_loss=3.0675 val_loss=3.2781
Run 20251127-071301 Epoch 12: train_loss=3.6611 val_loss=3.3982
Run 20251127-071301 Epoch 13: train_loss=2.1891 val_loss=3.3447
Run 20251127-071301 Epoch 14: train_loss=3.1264 val_loss=9.4989
Run 20251127-071301 Epoch 15: train_loss=3.0848 val_loss=4.8892
Run 20251127-071301 Epoch 16: train_loss=2.0642 val_loss=2.1570
Run 20251127-071301 Epoch 17: train_loss=2.3420 val_loss=2.0236
Run 20251127-071301 Epoch 18: train_loss=3.1281 val_loss=3.0138
Run 20251127-071301 Epoch 19: train_loss=2.2068 val_loss=1.9562
Run 20251127-071301 Epoch 20: train_loss=3.8545 val_loss=1.9195
Run 20251127-071301 Epoch 21: train_loss=1.5515 val_loss=1.7520
Run 20251127-071301 Epoch 22: train_loss=2.7622 val_loss=2.3189
Run 20251127-071301 Epoch 23: train_loss=1.6766 val_loss=2.0687
Run 20251127-071301 Epoch 24: train_loss=1.9264 val_loss=1.5290
Run 20251127-071301 Epoch 25: train_loss=1.9626 val_loss=1.7294
Run 20251127-071301 Epoch 26: train_loss=2.2318 val_loss=64.7080
Run 20251127-071301 Epoch 27: train_loss=1.7824 val_loss=1.4272
Run 20251127-071301 Epoch 28: train_loss=2.1048 val_loss=1.9050
Run 20251127-071301 Epoch 29: train_loss=1.4351 val_loss=1.4030
Run 20251127-071301 Epoch 30: train_loss=2.5636 val_loss=1.3117
Run 20251127-071301 Epoch 31: train_loss=4.1368 val_loss=1.8754
Run 20251127-071301 Epoch 32: train_loss=1.4893 val_loss=2.6063
Run 20251127-071301 Epoch 33: train_loss=1.0781 val_loss=1.4896
Run 20251127-071301 Epoch 34: train_loss=1.9475 val_loss=2.3068
Run 20251127-071301 Epoch 35: train_loss=1.8612 val_loss=1.7204
Run 20251127-071301 Epoch 36: train_loss=2.0966 val_loss=1.4941
Run 20251127-071301 Epoch 37: train_loss=2.2009 val_loss=1.7236
Run 20251127-071301 Epoch 38: train_loss=1.7326 val_loss=1.4955
Run 20251127-071301 Epoch 39: train_loss=2.7474 val_loss=1.7649
Run 20251127-071301 Epoch 40: train_loss=1.6486 val_loss=1.5812
Run 20251127-071301 Epoch 41: train_loss=1.1876 val_loss=1.1943
Run 20251127-071301 Epoch 42: train_loss=1.4800 val_loss=1.3165
Run 20251127-071301 Epoch 43: train_loss=0.9429 val_loss=1.3104
Run 20251127-071301 Epoch 44: train_loss=1.3481 val_loss=1.3933
Run 20251127-071301 Epoch 45: train_loss=1.7993 val_loss=1.1782
Run 20251127-071301 Epoch 46: train_loss=1.1624 val_loss=1.1989
Run 20251127-071301 Epoch 47: train_loss=1.3103 val_loss=1.3682
Run 20251127-071301 Epoch 48: train_loss=1.7076 val_loss=1.4814
Run 20251127-071301 Epoch 49: train_loss=1.0438 val_loss=1.2723
Run 20251127-071301 Epoch 50: train_loss=0.9768 val_loss=1.3339
Run 20251127-071301 Epoch 51: train_loss=1.2776 val_loss=1.1582
Run 20251127-071301 Epoch 52: train_loss=3.3191 val_loss=1.4013
Run 20251127-071301 Epoch 53: train_loss=0.9675 val_loss=1.2333
Run 20251127-071301 Epoch 54: train_loss=1.0393 val_loss=1.2998
Run 20251127-071301 Epoch 55: train_loss=1.6839 val_loss=1.4637
Run 20251127-071301 Epoch 56: train_loss=0.8074 val_loss=1.0648
Run 20251127-071301 Epoch 57: train_loss=1.1238 val_loss=1.1424
Run 20251127-071301 Epoch 58: train_loss=0.8086 val_loss=1.1714
Run 20251127-071301 Epoch 59: train_loss=0.6876 val_loss=1.2191
Run 20251127-071301 Epoch 60: train_loss=0.9336 val_loss=1.3049
Run 20251127-071301 Epoch 61: train_loss=0.6916 val_loss=1.1652
Run 20251127-071301 Epoch 62: train_loss=0.7063 val_loss=1.0455
Run 20251127-071301 Epoch 63: train_loss=0.6783 val_loss=1.0864
Run 20251127-071301 Epoch 64: train_loss=0.7182 val_loss=1.9338
Run 20251127-071301 Epoch 65: train_loss=0.6559 val_loss=1.0505
Run 20251127-071301 Epoch 66: train_loss=0.6142 val_loss=1.0659
Run 20251127-071301 Epoch 67: train_loss=0.5524 val_loss=1.0318
Run 20251127-071301 Epoch 68: train_loss=0.5400 val_loss=1.0371
Run 20251127-071301 Epoch 69: train_loss=0.5602 val_loss=1.0273
Run 20251127-071301 Epoch 70: train_loss=0.5587 val_loss=1.0414
Run 20251127-071301 Epoch 71: train_loss=0.5283 val_loss=1.0241
Run 20251127-071301 Epoch 72: train_loss=0.5203 val_loss=1.0153
Run 20251127-071301 Epoch 73: train_loss=0.5141 val_loss=1.0152
Run 20251127-071301 Epoch 74: train_loss=0.5127 val_loss=1.0345
Run 20251127-071301 Epoch 75: train_loss=0.5089 val_loss=1.0131
Run 20251127-071301 Epoch 76: train_loss=0.5136 val_loss=1.0293
Run 20251127-071301 Epoch 77: train_loss=0.5075 val_loss=1.0146
Run 20251127-071301 Epoch 78: train_loss=0.5088 val_loss=1.0245
Run 20251127-071301 Epoch 79: train_loss=0.5112 val_loss=1.0037
Run 20251127-071301 Epoch 80: train_loss=0.5028 val_loss=1.0039
Run 20251127-071301 Epoch 81: train_loss=0.5129 val_loss=1.0480
Run 20251127-071301 Epoch 82: train_loss=0.5030 val_loss=1.0010
Run 20251127-071301 Epoch 83: train_loss=0.5012 val_loss=1.0031
Run 20251127-071301 Epoch 84: train_loss=0.5011 val_loss=1.0022
Run 20251127-071301 Epoch 85: train_loss=0.5007 val_loss=1.0003
Run 20251127-071301 Epoch 86: train_loss=0.5005 val_loss=1.0002
Run 20251127-071301 Epoch 87: train_loss=0.5005 val_loss=1.0002
Run 20251127-071301 Epoch 88: train_loss=0.5004 val_loss=1.0002
Run 20251127-071301 Epoch 89: train_loss=0.5004 val_loss=1.0002
Run 20251127-071301 Epoch 90: train_loss=0.5004 val_loss=1.0001
Run 20251127-071301 Epoch 91: train_loss=0.5003 val_loss=1.0001
Run 20251127-071301 Epoch 92: train_loss=0.5003 val_loss=1.0001
Run 20251127-071301 Epoch 93: train_loss=0.5003 val_loss=1.0001
Run 20251127-071301 Epoch 94: train_loss=0.5003 val_loss=1.0001
Run 20251127-071301 Epoch 95: train_loss=0.5003 val_loss=1.0001
Run 20251127-071301 Epoch 96: train_loss=0.5002 val_loss=1.0001
Run 20251127-071301 Epoch 97: train_loss=0.5002 val_loss=1.0001
Run 20251127-071301 Epoch 98: train_loss=0.5002 val_loss=1.0001
Run 20251127-071301 Epoch 99: train_loss=0.5002 val_loss=1.0001
Run 20251127-071301 Epoch 100: train_loss=0.5002 val_loss=1.0001
Run 20251127-071301 Epoch 101: train_loss=0.5002 val_loss=1.0001
Run 20251127-071301 Epoch 102: train_loss=0.5002 val_loss=1.0001
Run 20251127-071301 Epoch 103: train_loss=0.5002 val_loss=1.0001
Run 20251127-071301 Epoch 104: train_loss=0.5002 val_loss=1.0001
Run 20251127-071301 Epoch 105: train_loss=0.5002 val_loss=1.0001
Run 20251127-071301 Epoch 106: train_loss=0.5001 val_loss=1.0001
Run 20251127-071301 Epoch 107: train_loss=0.5001 val_loss=1.0001
Run 20251127-071301 Epoch 108: train_loss=0.5001 val_loss=1.0001
Run 20251127-071301 Epoch 109: train_loss=0.5001 val_loss=1.0001
Run 20251127-071301 Epoch 110: train_loss=0.5001 val_loss=1.0001
Run 20251127-071301 Epoch 111: train_loss=0.5001 val_loss=1.0001
Run 20251127-071301 Epoch 112: train_loss=0.5001 val_loss=1.0001
Run 20251127-071301 Epoch 113: train_loss=0.5001 val_loss=1.0001
Run 20251127-071301 Epoch 114: train_loss=0.5001 val_loss=1.0001
Run 20251127-071301 Epoch 115: train_loss=0.5001 val_loss=1.0001
Run 20251127-071301 Epoch 116: train_loss=0.5001 val_loss=1.0001
Run 20251127-071301 Epoch 117: train_loss=0.5001 val_loss=1.0001
Run 20251127-071301 Epoch 118: train_loss=0.5001 val_loss=1.0001
Run 20251127-071301 Epoch 119: train_loss=0.5001 val_loss=1.0001
Run 20251127-071301 Epoch 120: train_loss=0.5001 val_loss=1.0001
Run 20251127-071301 Epoch 121: train_loss=0.5001 val_loss=1.0001
Run 20251127-071301 Epoch 122: train_loss=0.5001 val_loss=1.0001
Run 20251127-071301 Epoch 123: train_loss=0.5001 val_loss=1.0001
Run 20251127-071301 Epoch 124: train_loss=0.5001 val_loss=1.0001
Run 20251127-071301 Epoch 125: train_loss=0.5001 val_loss=1.0001
Run 20251127-071301 Epoch 126: train_loss=0.5001 val_loss=1.0001
Run 20251127-071301 Epoch 127: train_loss=0.5001 val_loss=1.0001
Run 20251127-071301 Epoch 128: train_loss=0.5001 val_loss=1.0001
Run 20251127-071301 Epoch 129: train_loss=0.5001 val_loss=1.0001
Run 20251127-071301 Epoch 130: train_loss=0.5001 val_loss=1.0001
Run 20251127-071301 Epoch 131: train_loss=0.5001 val_loss=1.0001
Run 20251127-071301 Epoch 132: train_loss=0.5001 val_loss=1.0001
Run 20251127-071301 Epoch 133: train_loss=0.5001 val_loss=1.0001
Run 20251127-071301 Epoch 134: train_loss=0.5001 val_loss=1.0001
Run 20251127-071301 Epoch 135: train_loss=0.5001 val_loss=1.0001
Run 20251127-071301 Epoch 136: train_loss=0.5001 val_loss=1.0001
Run 20251127-071301 Epoch 137: train_loss=0.5001 val_loss=1.0001
Early stopping at epoch 137 (patience=30, best_epoch=107, best_val=1.0001)
Run 20251127-071301 Test loss: 1.0001
make[1]: Leaving directory '/nfs/home/jmcguig1/Rheidae'
