make[1]: Entering directory '/nfs/home/jmcguig1/Rheidae'
/nfs/home/jmcguig1/venv_Emu/bin/pip install -r requirements.txt
Requirement already satisfied: torch in /nfs/home/jmcguig1/venv_Emu/lib/python3.9/site-packages (from -r requirements.txt (line 1)) (2.7.1)
Requirement already satisfied: pyyaml in /nfs/home/jmcguig1/venv_Emu/lib/python3.9/site-packages (from -r requirements.txt (line 2)) (6.0.2)
Requirement already satisfied: h5py in /nfs/home/jmcguig1/venv_Emu/lib/python3.9/site-packages (from -r requirements.txt (line 3)) (3.13.0)
Requirement already satisfied: numpy in /nfs/home/jmcguig1/venv_Emu/lib/python3.9/site-packages (from -r requirements.txt (line 4)) (1.26.4)
Requirement already satisfied: filelock in /nfs/home/jmcguig1/venv_Emu/lib/python3.9/site-packages (from torch->-r requirements.txt (line 1)) (3.17.0)
Requirement already satisfied: typing-extensions>=4.10.0 in /nfs/home/jmcguig1/venv_Emu/lib/python3.9/site-packages (from torch->-r requirements.txt (line 1)) (4.12.2)
Requirement already satisfied: sympy>=1.13.3 in /nfs/home/jmcguig1/venv_Emu/lib/python3.9/site-packages (from torch->-r requirements.txt (line 1)) (1.14.0)
Requirement already satisfied: networkx in /nfs/home/jmcguig1/venv_Emu/lib/python3.9/site-packages (from torch->-r requirements.txt (line 1)) (3.2.1)
Requirement already satisfied: jinja2 in /nfs/home/jmcguig1/venv_Emu/lib/python3.9/site-packages (from torch->-r requirements.txt (line 1)) (3.1.5)
Requirement already satisfied: fsspec in /nfs/home/jmcguig1/venv_Emu/lib/python3.9/site-packages (from torch->-r requirements.txt (line 1)) (2025.2.0)
Requirement already satisfied: nvidia-cuda-nvrtc-cu12==12.6.77 in /nfs/home/jmcguig1/venv_Emu/lib/python3.9/site-packages (from torch->-r requirements.txt (line 1)) (12.6.77)
Requirement already satisfied: nvidia-cuda-runtime-cu12==12.6.77 in /nfs/home/jmcguig1/venv_Emu/lib/python3.9/site-packages (from torch->-r requirements.txt (line 1)) (12.6.77)
Requirement already satisfied: nvidia-cuda-cupti-cu12==12.6.80 in /nfs/home/jmcguig1/venv_Emu/lib/python3.9/site-packages (from torch->-r requirements.txt (line 1)) (12.6.80)
Requirement already satisfied: nvidia-cudnn-cu12==9.5.1.17 in /nfs/home/jmcguig1/venv_Emu/lib/python3.9/site-packages (from torch->-r requirements.txt (line 1)) (9.5.1.17)
Requirement already satisfied: nvidia-cublas-cu12==12.6.4.1 in /nfs/home/jmcguig1/venv_Emu/lib/python3.9/site-packages (from torch->-r requirements.txt (line 1)) (12.6.4.1)
Requirement already satisfied: nvidia-cufft-cu12==11.3.0.4 in /nfs/home/jmcguig1/venv_Emu/lib/python3.9/site-packages (from torch->-r requirements.txt (line 1)) (11.3.0.4)
Requirement already satisfied: nvidia-curand-cu12==10.3.7.77 in /nfs/home/jmcguig1/venv_Emu/lib/python3.9/site-packages (from torch->-r requirements.txt (line 1)) (10.3.7.77)
Requirement already satisfied: nvidia-cusolver-cu12==11.7.1.2 in /nfs/home/jmcguig1/venv_Emu/lib/python3.9/site-packages (from torch->-r requirements.txt (line 1)) (11.7.1.2)
Requirement already satisfied: nvidia-cusparse-cu12==12.5.4.2 in /nfs/home/jmcguig1/venv_Emu/lib/python3.9/site-packages (from torch->-r requirements.txt (line 1)) (12.5.4.2)
Requirement already satisfied: nvidia-cusparselt-cu12==0.6.3 in /nfs/home/jmcguig1/venv_Emu/lib/python3.9/site-packages (from torch->-r requirements.txt (line 1)) (0.6.3)
Requirement already satisfied: nvidia-nccl-cu12==2.26.2 in /nfs/home/jmcguig1/venv_Emu/lib/python3.9/site-packages (from torch->-r requirements.txt (line 1)) (2.26.2)
Requirement already satisfied: nvidia-nvtx-cu12==12.6.77 in /nfs/home/jmcguig1/venv_Emu/lib/python3.9/site-packages (from torch->-r requirements.txt (line 1)) (12.6.77)
Requirement already satisfied: nvidia-nvjitlink-cu12==12.6.85 in /nfs/home/jmcguig1/venv_Emu/lib/python3.9/site-packages (from torch->-r requirements.txt (line 1)) (12.6.85)
Requirement already satisfied: nvidia-cufile-cu12==1.11.1.6 in /nfs/home/jmcguig1/venv_Emu/lib/python3.9/site-packages (from torch->-r requirements.txt (line 1)) (1.11.1.6)
Requirement already satisfied: triton==3.3.1 in /nfs/home/jmcguig1/venv_Emu/lib/python3.9/site-packages (from torch->-r requirements.txt (line 1)) (3.3.1)
Requirement already satisfied: setuptools>=40.8.0 in /nfs/home/jmcguig1/venv_Emu/lib/python3.9/site-packages (from triton==3.3.1->torch->-r requirements.txt (line 1)) (80.9.0)
Requirement already satisfied: mpmath<1.4,>=1.1.0 in /nfs/home/jmcguig1/venv_Emu/lib/python3.9/site-packages (from sympy>=1.13.3->torch->-r requirements.txt (line 1)) (1.3.0)
Requirement already satisfied: MarkupSafe>=2.0 in /nfs/home/jmcguig1/venv_Emu/lib/python3.9/site-packages (from jinja2->torch->-r requirements.txt (line 1)) (3.0.2)
PYTHONPATH=src /nfs/home/jmcguig1/venv_Emu/bin/python scripts/train.py --config config/model.yaml --train-parms config/train_parms.yaml
Epoch 1: train_loss=20.4351 val_loss=8.6404
Epoch 2: train_loss=4.4431 val_loss=8.5621
Epoch 3: train_loss=3.0928 val_loss=7.7915
Epoch 4: train_loss=4.0876 val_loss=4.5324
Epoch 5: train_loss=8.7857 val_loss=7.8630
Epoch 6: train_loss=3.6022 val_loss=4.5269
Epoch 7: train_loss=2.4955 val_loss=2.6417
Epoch 8: train_loss=2.6848 val_loss=6.7184
Epoch 9: train_loss=4.8067 val_loss=2.7607
Epoch 10: train_loss=1.9177 val_loss=2.4112
Epoch 11: train_loss=2.5023 val_loss=3.7729
Epoch 12: train_loss=2.7351 val_loss=2.5135
Epoch 13: train_loss=1.9966 val_loss=2.3059
Epoch 14: train_loss=1.8955 val_loss=1.9992
Epoch 15: train_loss=1.5762 val_loss=1.5096
Epoch 16: train_loss=2.1772 val_loss=1.3610
Epoch 17: train_loss=1.9774 val_loss=1.4525
Epoch 18: train_loss=1.2810 val_loss=1.4503
Epoch 19: train_loss=1.4386 val_loss=2.0405
Epoch 20: train_loss=2.0835 val_loss=1.7098
Epoch 21: train_loss=1.2285 val_loss=1.5747
Epoch 22: train_loss=1.2235 val_loss=2.3653
Epoch 23: train_loss=1.5376 val_loss=1.3327
Epoch 24: train_loss=1.2969 val_loss=1.8722
Epoch 25: train_loss=0.9952 val_loss=1.4300
Epoch 26: train_loss=1.0025 val_loss=2.5964
Epoch 27: train_loss=1.6527 val_loss=1.4707
Epoch 28: train_loss=2.7618 val_loss=1.2280
Epoch 29: train_loss=1.2096 val_loss=1.5048
Epoch 30: train_loss=1.1954 val_loss=1.3013
Epoch 31: train_loss=1.2396 val_loss=1.2561
Epoch 32: train_loss=1.2288 val_loss=1.5922
Epoch 33: train_loss=1.3043 val_loss=1.2372
Epoch 34: train_loss=1.7666 val_loss=1.7037
Epoch 35: train_loss=0.7745 val_loss=1.2255
Epoch 36: train_loss=1.0715 val_loss=1.2868
Epoch 37: train_loss=1.2015 val_loss=1.0938
Epoch 38: train_loss=1.0804 val_loss=1.8362
Epoch 39: train_loss=1.0422 val_loss=1.1190
Epoch 40: train_loss=1.4355 val_loss=1.2772
Epoch 41: train_loss=0.7303 val_loss=1.3443
Epoch 42: train_loss=1.0622 val_loss=1.4015
Epoch 43: train_loss=0.9694 val_loss=1.2608
Epoch 44: train_loss=1.4700 val_loss=2.0544
Epoch 45: train_loss=0.6628 val_loss=1.1776
Epoch 46: train_loss=0.8026 val_loss=1.2678
Epoch 47: train_loss=2.0417 val_loss=6.2048
Epoch 48: train_loss=0.7749 val_loss=1.1640
Epoch 49: train_loss=0.9220 val_loss=1.0611
Epoch 50: train_loss=0.9871 val_loss=1.5584
Test loss: 1.5073
make[1]: Leaving directory '/nfs/home/jmcguig1/Rheidae'
