make[1]: Entering directory '/nfs/home/jmcguig1/Rheidae'
/nfs/home/jmcguig1/venv_Emu/bin/pip install -r requirements.txt
Requirement already satisfied: torch in /nfs/home/jmcguig1/venv_Emu/lib/python3.9/site-packages (from -r requirements.txt (line 1)) (2.7.1)
Requirement already satisfied: pyyaml in /nfs/home/jmcguig1/venv_Emu/lib/python3.9/site-packages (from -r requirements.txt (line 2)) (6.0.2)
Requirement already satisfied: h5py in /nfs/home/jmcguig1/venv_Emu/lib/python3.9/site-packages (from -r requirements.txt (line 3)) (3.13.0)
Requirement already satisfied: numpy in /nfs/home/jmcguig1/venv_Emu/lib/python3.9/site-packages (from -r requirements.txt (line 4)) (1.26.4)
Requirement already satisfied: matplotlib in /nfs/home/jmcguig1/venv_Emu/lib/python3.9/site-packages (from -r requirements.txt (line 5)) (3.9.4)
Requirement already satisfied: filelock in /nfs/home/jmcguig1/venv_Emu/lib/python3.9/site-packages (from torch->-r requirements.txt (line 1)) (3.17.0)
Requirement already satisfied: typing-extensions>=4.10.0 in /nfs/home/jmcguig1/venv_Emu/lib/python3.9/site-packages (from torch->-r requirements.txt (line 1)) (4.12.2)
Requirement already satisfied: sympy>=1.13.3 in /nfs/home/jmcguig1/venv_Emu/lib/python3.9/site-packages (from torch->-r requirements.txt (line 1)) (1.14.0)
Requirement already satisfied: networkx in /nfs/home/jmcguig1/venv_Emu/lib/python3.9/site-packages (from torch->-r requirements.txt (line 1)) (3.2.1)
Requirement already satisfied: jinja2 in /nfs/home/jmcguig1/venv_Emu/lib/python3.9/site-packages (from torch->-r requirements.txt (line 1)) (3.1.5)
Requirement already satisfied: fsspec in /nfs/home/jmcguig1/venv_Emu/lib/python3.9/site-packages (from torch->-r requirements.txt (line 1)) (2025.2.0)
Requirement already satisfied: nvidia-cuda-nvrtc-cu12==12.6.77 in /nfs/home/jmcguig1/venv_Emu/lib/python3.9/site-packages (from torch->-r requirements.txt (line 1)) (12.6.77)
Requirement already satisfied: nvidia-cuda-runtime-cu12==12.6.77 in /nfs/home/jmcguig1/venv_Emu/lib/python3.9/site-packages (from torch->-r requirements.txt (line 1)) (12.6.77)
Requirement already satisfied: nvidia-cuda-cupti-cu12==12.6.80 in /nfs/home/jmcguig1/venv_Emu/lib/python3.9/site-packages (from torch->-r requirements.txt (line 1)) (12.6.80)
Requirement already satisfied: nvidia-cudnn-cu12==9.5.1.17 in /nfs/home/jmcguig1/venv_Emu/lib/python3.9/site-packages (from torch->-r requirements.txt (line 1)) (9.5.1.17)
Requirement already satisfied: nvidia-cublas-cu12==12.6.4.1 in /nfs/home/jmcguig1/venv_Emu/lib/python3.9/site-packages (from torch->-r requirements.txt (line 1)) (12.6.4.1)
Requirement already satisfied: nvidia-cufft-cu12==11.3.0.4 in /nfs/home/jmcguig1/venv_Emu/lib/python3.9/site-packages (from torch->-r requirements.txt (line 1)) (11.3.0.4)
Requirement already satisfied: nvidia-curand-cu12==10.3.7.77 in /nfs/home/jmcguig1/venv_Emu/lib/python3.9/site-packages (from torch->-r requirements.txt (line 1)) (10.3.7.77)
Requirement already satisfied: nvidia-cusolver-cu12==11.7.1.2 in /nfs/home/jmcguig1/venv_Emu/lib/python3.9/site-packages (from torch->-r requirements.txt (line 1)) (11.7.1.2)
Requirement already satisfied: nvidia-cusparse-cu12==12.5.4.2 in /nfs/home/jmcguig1/venv_Emu/lib/python3.9/site-packages (from torch->-r requirements.txt (line 1)) (12.5.4.2)
Requirement already satisfied: nvidia-cusparselt-cu12==0.6.3 in /nfs/home/jmcguig1/venv_Emu/lib/python3.9/site-packages (from torch->-r requirements.txt (line 1)) (0.6.3)
Requirement already satisfied: nvidia-nccl-cu12==2.26.2 in /nfs/home/jmcguig1/venv_Emu/lib/python3.9/site-packages (from torch->-r requirements.txt (line 1)) (2.26.2)
Requirement already satisfied: nvidia-nvtx-cu12==12.6.77 in /nfs/home/jmcguig1/venv_Emu/lib/python3.9/site-packages (from torch->-r requirements.txt (line 1)) (12.6.77)
Requirement already satisfied: nvidia-nvjitlink-cu12==12.6.85 in /nfs/home/jmcguig1/venv_Emu/lib/python3.9/site-packages (from torch->-r requirements.txt (line 1)) (12.6.85)
Requirement already satisfied: nvidia-cufile-cu12==1.11.1.6 in /nfs/home/jmcguig1/venv_Emu/lib/python3.9/site-packages (from torch->-r requirements.txt (line 1)) (1.11.1.6)
Requirement already satisfied: triton==3.3.1 in /nfs/home/jmcguig1/venv_Emu/lib/python3.9/site-packages (from torch->-r requirements.txt (line 1)) (3.3.1)
Requirement already satisfied: setuptools>=40.8.0 in /nfs/home/jmcguig1/venv_Emu/lib/python3.9/site-packages (from triton==3.3.1->torch->-r requirements.txt (line 1)) (80.9.0)
Requirement already satisfied: contourpy>=1.0.1 in /nfs/home/jmcguig1/venv_Emu/lib/python3.9/site-packages (from matplotlib->-r requirements.txt (line 5)) (1.3.0)
Requirement already satisfied: cycler>=0.10 in /nfs/home/jmcguig1/venv_Emu/lib/python3.9/site-packages (from matplotlib->-r requirements.txt (line 5)) (0.12.1)
Requirement already satisfied: fonttools>=4.22.0 in /nfs/home/jmcguig1/venv_Emu/lib/python3.9/site-packages (from matplotlib->-r requirements.txt (line 5)) (4.56.0)
Requirement already satisfied: kiwisolver>=1.3.1 in /nfs/home/jmcguig1/venv_Emu/lib/python3.9/site-packages (from matplotlib->-r requirements.txt (line 5)) (1.4.7)
Requirement already satisfied: packaging>=20.0 in /nfs/home/jmcguig1/venv_Emu/lib/python3.9/site-packages (from matplotlib->-r requirements.txt (line 5)) (24.2)
Requirement already satisfied: pillow>=8 in /nfs/home/jmcguig1/venv_Emu/lib/python3.9/site-packages (from matplotlib->-r requirements.txt (line 5)) (11.1.0)
Requirement already satisfied: pyparsing>=2.3.1 in /nfs/home/jmcguig1/venv_Emu/lib/python3.9/site-packages (from matplotlib->-r requirements.txt (line 5)) (3.2.1)
Requirement already satisfied: python-dateutil>=2.7 in /nfs/home/jmcguig1/venv_Emu/lib/python3.9/site-packages (from matplotlib->-r requirements.txt (line 5)) (2.9.0.post0)
Requirement already satisfied: importlib-resources>=3.2.0 in /nfs/home/jmcguig1/venv_Emu/lib/python3.9/site-packages (from matplotlib->-r requirements.txt (line 5)) (6.5.2)
Requirement already satisfied: zipp>=3.1.0 in /nfs/home/jmcguig1/venv_Emu/lib/python3.9/site-packages (from importlib-resources>=3.2.0->matplotlib->-r requirements.txt (line 5)) (3.21.0)
Requirement already satisfied: six>=1.5 in /nfs/home/jmcguig1/venv_Emu/lib/python3.9/site-packages (from python-dateutil>=2.7->matplotlib->-r requirements.txt (line 5)) (1.17.0)
Requirement already satisfied: mpmath<1.4,>=1.1.0 in /nfs/home/jmcguig1/venv_Emu/lib/python3.9/site-packages (from sympy>=1.13.3->torch->-r requirements.txt (line 1)) (1.3.0)
Requirement already satisfied: MarkupSafe>=2.0 in /nfs/home/jmcguig1/venv_Emu/lib/python3.9/site-packages (from jinja2->torch->-r requirements.txt (line 1)) (3.0.2)
PYTHONPATH=src /nfs/home/jmcguig1/venv_Emu/bin/python scripts/train.py --config config/model.yaml --train-parms config/train_parms.yaml
Run ID: 20251127-081715
Run 20251127-081715 Epoch 1: train_loss=80.3403 val_loss=11.1517 val_box3d_baseline=1.0000
Run 20251127-081715 Epoch 2: train_loss=7.7347 val_loss=3.2254 val_box3d_baseline=1.0000
Run 20251127-081715 Epoch 3: train_loss=3.2121 val_loss=2.3844 val_box3d_baseline=1.0000
Run 20251127-081715 Epoch 4: train_loss=4.0280 val_loss=2.8546 val_box3d_baseline=1.0000
Run 20251127-081715 Epoch 5: train_loss=2.2467 val_loss=2.5439 val_box3d_baseline=1.0000
Run 20251127-081715 Epoch 6: train_loss=1.9549 val_loss=2.7151 val_box3d_baseline=1.0000
Run 20251127-081715 Epoch 7: train_loss=2.0362 val_loss=5.3298 val_box3d_baseline=1.0000
Run 20251127-081715 Epoch 8: train_loss=1.7713 val_loss=5.7485 val_box3d_baseline=1.0000
Run 20251127-081715 Epoch 9: train_loss=1.1966 val_loss=5.0545 val_box3d_baseline=1.0000
Run 20251127-081715 Epoch 10: train_loss=1.4586 val_loss=7.3897 val_box3d_baseline=1.0000
Run 20251127-081715 Epoch 11: train_loss=1.2764 val_loss=21.3585 val_box3d_baseline=1.0000
Run 20251127-081715 Epoch 12: train_loss=2.1615 val_loss=7.3541 val_box3d_baseline=1.0000
Run 20251127-081715 Epoch 13: train_loss=1.0996 val_loss=5.3508 val_box3d_baseline=1.0000
Run 20251127-081715 Epoch 14: train_loss=0.9794 val_loss=4.4969 val_box3d_baseline=1.0000
Run 20251127-081715 Epoch 15: train_loss=1.0793 val_loss=3.6202 val_box3d_baseline=1.0000
Run 20251127-081715 Epoch 16: train_loss=0.9838 val_loss=3.7182 val_box3d_baseline=1.0000
Run 20251127-081715 Epoch 17: train_loss=0.8954 val_loss=4.5186 val_box3d_baseline=1.0000
Run 20251127-081715 Epoch 18: train_loss=0.8989 val_loss=3.4041 val_box3d_baseline=1.0000
Run 20251127-081715 Epoch 19: train_loss=0.8487 val_loss=3.7916 val_box3d_baseline=1.0000
Run 20251127-081715 Epoch 20: train_loss=0.8176 val_loss=3.5978 val_box3d_baseline=1.0000
Run 20251127-081715 Epoch 21: train_loss=0.8133 val_loss=3.3932 val_box3d_baseline=1.0000
Run 20251127-081715 Epoch 22: train_loss=0.8082 val_loss=2.6507 val_box3d_baseline=1.0000
Run 20251127-081715 Epoch 23: train_loss=0.8170 val_loss=3.9633 val_box3d_baseline=1.0000
Run 20251127-081715 Epoch 24: train_loss=0.7653 val_loss=3.3767 val_box3d_baseline=1.0000
Run 20251127-081715 Epoch 25: train_loss=0.7358 val_loss=2.4560 val_box3d_baseline=1.0000
Run 20251127-081715 Epoch 26: train_loss=0.7464 val_loss=5.0460 val_box3d_baseline=1.0000
Run 20251127-081715 Epoch 27: train_loss=0.7191 val_loss=2.7947 val_box3d_baseline=1.0000
Run 20251127-081715 Epoch 28: train_loss=0.7741 val_loss=3.0352 val_box3d_baseline=1.0000
Early stopping at epoch 28 (patience=25, best_epoch=3, best_val=2.3844)
Run 20251127-081715 Test loss: 2.8901 | Box3D baseline (zero residual) loss: 1.0000
make[1]: Leaving directory '/nfs/home/jmcguig1/Rheidae'
