make[1]: Entering directory '/nfs/home/jmcguig1/Rheidae'
/nfs/home/jmcguig1/venv_Emu/bin/pip install -r requirements.txt
Requirement already satisfied: torch in /nfs/home/jmcguig1/venv_Emu/lib/python3.9/site-packages (from -r requirements.txt (line 1)) (2.7.1)
Requirement already satisfied: pyyaml in /nfs/home/jmcguig1/venv_Emu/lib/python3.9/site-packages (from -r requirements.txt (line 2)) (6.0.2)
Requirement already satisfied: h5py in /nfs/home/jmcguig1/venv_Emu/lib/python3.9/site-packages (from -r requirements.txt (line 3)) (3.13.0)
Requirement already satisfied: numpy in /nfs/home/jmcguig1/venv_Emu/lib/python3.9/site-packages (from -r requirements.txt (line 4)) (1.26.4)
Requirement already satisfied: matplotlib in /nfs/home/jmcguig1/venv_Emu/lib/python3.9/site-packages (from -r requirements.txt (line 5)) (3.9.4)
Requirement already satisfied: filelock in /nfs/home/jmcguig1/venv_Emu/lib/python3.9/site-packages (from torch->-r requirements.txt (line 1)) (3.17.0)
Requirement already satisfied: typing-extensions>=4.10.0 in /nfs/home/jmcguig1/venv_Emu/lib/python3.9/site-packages (from torch->-r requirements.txt (line 1)) (4.12.2)
Requirement already satisfied: sympy>=1.13.3 in /nfs/home/jmcguig1/venv_Emu/lib/python3.9/site-packages (from torch->-r requirements.txt (line 1)) (1.14.0)
Requirement already satisfied: networkx in /nfs/home/jmcguig1/venv_Emu/lib/python3.9/site-packages (from torch->-r requirements.txt (line 1)) (3.2.1)
Requirement already satisfied: jinja2 in /nfs/home/jmcguig1/venv_Emu/lib/python3.9/site-packages (from torch->-r requirements.txt (line 1)) (3.1.5)
Requirement already satisfied: fsspec in /nfs/home/jmcguig1/venv_Emu/lib/python3.9/site-packages (from torch->-r requirements.txt (line 1)) (2025.2.0)
Requirement already satisfied: nvidia-cuda-nvrtc-cu12==12.6.77 in /nfs/home/jmcguig1/venv_Emu/lib/python3.9/site-packages (from torch->-r requirements.txt (line 1)) (12.6.77)
Requirement already satisfied: nvidia-cuda-runtime-cu12==12.6.77 in /nfs/home/jmcguig1/venv_Emu/lib/python3.9/site-packages (from torch->-r requirements.txt (line 1)) (12.6.77)
Requirement already satisfied: nvidia-cuda-cupti-cu12==12.6.80 in /nfs/home/jmcguig1/venv_Emu/lib/python3.9/site-packages (from torch->-r requirements.txt (line 1)) (12.6.80)
Requirement already satisfied: nvidia-cudnn-cu12==9.5.1.17 in /nfs/home/jmcguig1/venv_Emu/lib/python3.9/site-packages (from torch->-r requirements.txt (line 1)) (9.5.1.17)
Requirement already satisfied: nvidia-cublas-cu12==12.6.4.1 in /nfs/home/jmcguig1/venv_Emu/lib/python3.9/site-packages (from torch->-r requirements.txt (line 1)) (12.6.4.1)
Requirement already satisfied: nvidia-cufft-cu12==11.3.0.4 in /nfs/home/jmcguig1/venv_Emu/lib/python3.9/site-packages (from torch->-r requirements.txt (line 1)) (11.3.0.4)
Requirement already satisfied: nvidia-curand-cu12==10.3.7.77 in /nfs/home/jmcguig1/venv_Emu/lib/python3.9/site-packages (from torch->-r requirements.txt (line 1)) (10.3.7.77)
Requirement already satisfied: nvidia-cusolver-cu12==11.7.1.2 in /nfs/home/jmcguig1/venv_Emu/lib/python3.9/site-packages (from torch->-r requirements.txt (line 1)) (11.7.1.2)
Requirement already satisfied: nvidia-cusparse-cu12==12.5.4.2 in /nfs/home/jmcguig1/venv_Emu/lib/python3.9/site-packages (from torch->-r requirements.txt (line 1)) (12.5.4.2)
Requirement already satisfied: nvidia-cusparselt-cu12==0.6.3 in /nfs/home/jmcguig1/venv_Emu/lib/python3.9/site-packages (from torch->-r requirements.txt (line 1)) (0.6.3)
Requirement already satisfied: nvidia-nccl-cu12==2.26.2 in /nfs/home/jmcguig1/venv_Emu/lib/python3.9/site-packages (from torch->-r requirements.txt (line 1)) (2.26.2)
Requirement already satisfied: nvidia-nvtx-cu12==12.6.77 in /nfs/home/jmcguig1/venv_Emu/lib/python3.9/site-packages (from torch->-r requirements.txt (line 1)) (12.6.77)
Requirement already satisfied: nvidia-nvjitlink-cu12==12.6.85 in /nfs/home/jmcguig1/venv_Emu/lib/python3.9/site-packages (from torch->-r requirements.txt (line 1)) (12.6.85)
Requirement already satisfied: nvidia-cufile-cu12==1.11.1.6 in /nfs/home/jmcguig1/venv_Emu/lib/python3.9/site-packages (from torch->-r requirements.txt (line 1)) (1.11.1.6)
Requirement already satisfied: triton==3.3.1 in /nfs/home/jmcguig1/venv_Emu/lib/python3.9/site-packages (from torch->-r requirements.txt (line 1)) (3.3.1)
Requirement already satisfied: setuptools>=40.8.0 in /nfs/home/jmcguig1/venv_Emu/lib/python3.9/site-packages (from triton==3.3.1->torch->-r requirements.txt (line 1)) (80.9.0)
Requirement already satisfied: contourpy>=1.0.1 in /nfs/home/jmcguig1/venv_Emu/lib/python3.9/site-packages (from matplotlib->-r requirements.txt (line 5)) (1.3.0)
Requirement already satisfied: cycler>=0.10 in /nfs/home/jmcguig1/venv_Emu/lib/python3.9/site-packages (from matplotlib->-r requirements.txt (line 5)) (0.12.1)
Requirement already satisfied: fonttools>=4.22.0 in /nfs/home/jmcguig1/venv_Emu/lib/python3.9/site-packages (from matplotlib->-r requirements.txt (line 5)) (4.56.0)
Requirement already satisfied: kiwisolver>=1.3.1 in /nfs/home/jmcguig1/venv_Emu/lib/python3.9/site-packages (from matplotlib->-r requirements.txt (line 5)) (1.4.7)
Requirement already satisfied: packaging>=20.0 in /nfs/home/jmcguig1/venv_Emu/lib/python3.9/site-packages (from matplotlib->-r requirements.txt (line 5)) (24.2)
Requirement already satisfied: pillow>=8 in /nfs/home/jmcguig1/venv_Emu/lib/python3.9/site-packages (from matplotlib->-r requirements.txt (line 5)) (11.1.0)
Requirement already satisfied: pyparsing>=2.3.1 in /nfs/home/jmcguig1/venv_Emu/lib/python3.9/site-packages (from matplotlib->-r requirements.txt (line 5)) (3.2.1)
Requirement already satisfied: python-dateutil>=2.7 in /nfs/home/jmcguig1/venv_Emu/lib/python3.9/site-packages (from matplotlib->-r requirements.txt (line 5)) (2.9.0.post0)
Requirement already satisfied: importlib-resources>=3.2.0 in /nfs/home/jmcguig1/venv_Emu/lib/python3.9/site-packages (from matplotlib->-r requirements.txt (line 5)) (6.5.2)
Requirement already satisfied: zipp>=3.1.0 in /nfs/home/jmcguig1/venv_Emu/lib/python3.9/site-packages (from importlib-resources>=3.2.0->matplotlib->-r requirements.txt (line 5)) (3.21.0)
Requirement already satisfied: six>=1.5 in /nfs/home/jmcguig1/venv_Emu/lib/python3.9/site-packages (from python-dateutil>=2.7->matplotlib->-r requirements.txt (line 5)) (1.17.0)
Requirement already satisfied: mpmath<1.4,>=1.1.0 in /nfs/home/jmcguig1/venv_Emu/lib/python3.9/site-packages (from sympy>=1.13.3->torch->-r requirements.txt (line 1)) (1.3.0)
Requirement already satisfied: MarkupSafe>=2.0 in /nfs/home/jmcguig1/venv_Emu/lib/python3.9/site-packages (from jinja2->torch->-r requirements.txt (line 1)) (3.0.2)
PYTHONPATH=src /nfs/home/jmcguig1/venv_Emu/bin/python scripts/train.py --config config/model.yaml --train-parms config/train_parms.yaml
Run ID: 20251127-073603
Run 20251127-073603 Epoch 1: train_loss=17.0007 val_loss=5.1193
Run 20251127-073603 Epoch 2: train_loss=4.9001 val_loss=7.2547
Run 20251127-073603 Epoch 3: train_loss=4.3612 val_loss=4.1731
Run 20251127-073603 Epoch 4: train_loss=6.0574 val_loss=11.8366
Run 20251127-073603 Epoch 5: train_loss=3.7903 val_loss=4.0536
Run 20251127-073603 Epoch 6: train_loss=3.6061 val_loss=2.5905
Run 20251127-073603 Epoch 7: train_loss=4.7014 val_loss=4.0733
Run 20251127-073603 Epoch 8: train_loss=2.5361 val_loss=11.0887
Run 20251127-073603 Epoch 9: train_loss=3.0845 val_loss=2.5831
Run 20251127-073603 Epoch 10: train_loss=3.2356 val_loss=1.9227
Run 20251127-073603 Epoch 11: train_loss=1.3872 val_loss=1.6320
Run 20251127-073603 Epoch 12: train_loss=2.5599 val_loss=32.3514
Run 20251127-073603 Epoch 13: train_loss=3.6535 val_loss=3.0917
Run 20251127-073603 Epoch 14: train_loss=2.1033 val_loss=2.8978
Run 20251127-073603 Epoch 15: train_loss=2.6221 val_loss=1.7401
Run 20251127-073603 Epoch 16: train_loss=2.0151 val_loss=1.5187
Run 20251127-073603 Epoch 17: train_loss=1.9907 val_loss=1.4718
Run 20251127-073603 Epoch 18: train_loss=2.2745 val_loss=1.6725
Run 20251127-073603 Epoch 19: train_loss=4.1115 val_loss=1.7263
Run 20251127-073603 Epoch 20: train_loss=1.9378 val_loss=1.6465
Run 20251127-073603 Epoch 21: train_loss=2.9019 val_loss=1.4252
Run 20251127-073603 Epoch 22: train_loss=2.5798 val_loss=2.7416
Run 20251127-073603 Epoch 23: train_loss=2.4877 val_loss=2.0411
Run 20251127-073603 Epoch 24: train_loss=2.5955 val_loss=1.8661
Run 20251127-073603 Epoch 25: train_loss=1.6010 val_loss=2.1918
Run 20251127-073603 Epoch 26: train_loss=1.4998 val_loss=1.3088
Run 20251127-073603 Epoch 27: train_loss=1.5413 val_loss=1.8100
Run 20251127-073603 Epoch 28: train_loss=2.4286 val_loss=2.3064
Run 20251127-073603 Epoch 29: train_loss=1.2688 val_loss=1.5764
Run 20251127-073603 Epoch 30: train_loss=2.6794 val_loss=1.4402
Run 20251127-073603 Epoch 31: train_loss=1.4274 val_loss=1.2824
Run 20251127-073603 Epoch 32: train_loss=1.1749 val_loss=1.4208
Run 20251127-073603 Epoch 33: train_loss=1.7973 val_loss=1.3135
Run 20251127-073603 Epoch 34: train_loss=1.5739 val_loss=1.3111
Run 20251127-073603 Epoch 35: train_loss=0.8133 val_loss=1.2487
Run 20251127-073603 Epoch 36: train_loss=1.2388 val_loss=1.4803
Run 20251127-073603 Epoch 37: train_loss=2.3636 val_loss=1.6195
Run 20251127-073603 Epoch 38: train_loss=1.9777 val_loss=1.2653
Run 20251127-073603 Epoch 39: train_loss=1.1349 val_loss=1.2277
Run 20251127-073603 Epoch 40: train_loss=2.7559 val_loss=1.4390
Run 20251127-073603 Epoch 41: train_loss=1.1250 val_loss=1.9514
Run 20251127-073603 Epoch 42: train_loss=0.8830 val_loss=1.2729
Run 20251127-073603 Epoch 43: train_loss=0.9017 val_loss=1.2447
Run 20251127-073603 Epoch 44: train_loss=0.7370 val_loss=1.1051
Run 20251127-073603 Epoch 45: train_loss=0.8352 val_loss=1.1260
Run 20251127-073603 Epoch 46: train_loss=0.9205 val_loss=1.1380
Run 20251127-073603 Epoch 47: train_loss=1.0629 val_loss=1.4475
Run 20251127-073603 Epoch 48: train_loss=0.9387 val_loss=1.3861
Run 20251127-073603 Epoch 49: train_loss=0.7441 val_loss=15.7967
Run 20251127-073603 Epoch 50: train_loss=0.9885 val_loss=1.1124
Run 20251127-073603 Epoch 51: train_loss=0.5974 val_loss=1.0730
Run 20251127-073603 Epoch 52: train_loss=0.6146 val_loss=1.0682
Run 20251127-073603 Epoch 53: train_loss=0.5575 val_loss=1.0778
Run 20251127-073603 Epoch 54: train_loss=0.5616 val_loss=1.0782
Run 20251127-073603 Epoch 55: train_loss=0.5817 val_loss=1.0705
Run 20251127-073603 Epoch 56: train_loss=0.5702 val_loss=1.0441
Run 20251127-073603 Epoch 57: train_loss=0.5842 val_loss=1.0443
Run 20251127-073603 Epoch 58: train_loss=0.7590 val_loss=1.0603
Run 20251127-073603 Epoch 59: train_loss=0.7165 val_loss=1.0264
Run 20251127-073603 Epoch 60: train_loss=0.5892 val_loss=1.0454
Run 20251127-073603 Epoch 61: train_loss=0.5822 val_loss=1.0302
Run 20251127-073603 Epoch 62: train_loss=0.5788 val_loss=1.0426
Run 20251127-073603 Epoch 63: train_loss=0.5629 val_loss=1.0559
Run 20251127-073603 Epoch 64: train_loss=0.5638 val_loss=1.0922
Run 20251127-073603 Epoch 65: train_loss=0.5466 val_loss=1.0335
Run 20251127-073603 Epoch 66: train_loss=0.5219 val_loss=1.0206
Run 20251127-073603 Epoch 67: train_loss=0.5212 val_loss=1.0165
Run 20251127-073603 Epoch 68: train_loss=0.5117 val_loss=1.0119
Run 20251127-073603 Epoch 69: train_loss=0.5113 val_loss=1.0156
Run 20251127-073603 Epoch 70: train_loss=0.5139 val_loss=1.0260
Run 20251127-073603 Epoch 71: train_loss=0.5163 val_loss=1.0177
Run 20251127-073603 Epoch 72: train_loss=0.5082 val_loss=1.0141
Run 20251127-073603 Epoch 73: train_loss=0.5090 val_loss=1.0096
Run 20251127-073603 Epoch 74: train_loss=0.5118 val_loss=1.0070
Run 20251127-073603 Epoch 75: train_loss=0.5071 val_loss=1.0097
Run 20251127-073603 Epoch 76: train_loss=0.5066 val_loss=1.0045
Run 20251127-073603 Epoch 77: train_loss=0.5066 val_loss=1.0092
Run 20251127-073603 Epoch 78: train_loss=0.5066 val_loss=1.0112
Run 20251127-073603 Epoch 79: train_loss=0.5056 val_loss=1.0078
Run 20251127-073603 Epoch 80: train_loss=0.5078 val_loss=1.0083
Run 20251127-073603 Epoch 81: train_loss=0.5063 val_loss=1.0068
Run 20251127-073603 Epoch 82: train_loss=0.5059 val_loss=1.0097
Run 20251127-073603 Epoch 83: train_loss=0.5039 val_loss=1.0054
Run 20251127-073603 Epoch 84: train_loss=0.5035 val_loss=1.0040
Run 20251127-073603 Epoch 85: train_loss=0.5030 val_loss=1.0035
Run 20251127-073603 Epoch 86: train_loss=0.5027 val_loss=1.0027
Run 20251127-073603 Epoch 87: train_loss=0.5032 val_loss=1.0030
Run 20251127-073603 Epoch 88: train_loss=0.5029 val_loss=1.0038
Run 20251127-073603 Epoch 89: train_loss=0.5029 val_loss=1.0023
Run 20251127-073603 Epoch 90: train_loss=0.5032 val_loss=1.0050
Run 20251127-073603 Epoch 91: train_loss=0.5024 val_loss=1.0027
Run 20251127-073603 Epoch 92: train_loss=0.5023 val_loss=1.0023
Run 20251127-073603 Epoch 93: train_loss=0.5029 val_loss=1.0026
Run 20251127-073603 Epoch 94: train_loss=0.5025 val_loss=1.0025
Run 20251127-073603 Epoch 95: train_loss=0.5022 val_loss=1.0033
Run 20251127-073603 Epoch 96: train_loss=0.5017 val_loss=1.0019
Run 20251127-073603 Epoch 97: train_loss=0.5018 val_loss=1.0020
Run 20251127-073603 Epoch 98: train_loss=0.5017 val_loss=1.0021
Run 20251127-073603 Epoch 99: train_loss=0.5017 val_loss=1.0017
Run 20251127-073603 Epoch 100: train_loss=0.5018 val_loss=1.0017
Run 20251127-073603 Epoch 101: train_loss=0.5019 val_loss=1.0020
Run 20251127-073603 Epoch 102: train_loss=0.5016 val_loss=1.0019
Run 20251127-073603 Epoch 103: train_loss=0.5015 val_loss=1.0016
Run 20251127-073603 Epoch 104: train_loss=0.5015 val_loss=1.0017
Run 20251127-073603 Epoch 105: train_loss=0.5015 val_loss=1.0016
Run 20251127-073603 Epoch 106: train_loss=0.5014 val_loss=1.0015
Run 20251127-073603 Epoch 107: train_loss=0.5014 val_loss=1.0016
Run 20251127-073603 Epoch 108: train_loss=0.5014 val_loss=1.0016
Run 20251127-073603 Epoch 109: train_loss=0.5014 val_loss=1.0015
Run 20251127-073603 Epoch 110: train_loss=0.5015 val_loss=1.0015
Run 20251127-073603 Epoch 111: train_loss=0.5014 val_loss=1.0016
Run 20251127-073603 Epoch 112: train_loss=0.5014 val_loss=1.0016
Run 20251127-073603 Epoch 113: train_loss=0.5014 val_loss=1.0015
Run 20251127-073603 Epoch 114: train_loss=0.5014 val_loss=1.0015
Run 20251127-073603 Epoch 115: train_loss=0.5014 val_loss=1.0015
Run 20251127-073603 Epoch 116: train_loss=0.5014 val_loss=1.0016
Early stopping at epoch 116 (patience=10, best_epoch=106, best_val=1.0015)
make[1]: Leaving directory '/nfs/home/jmcguig1/Rheidae'
